0 info it worked if it ends with ok
1 verbose cli [ 'C:\\Program Files\\nodejs\\node.exe',
1 verbose cli   'C:\\Program Files\\nodejs\\node_modules\\npm\\bin\\npm-cli.js',
1 verbose cli   'start' ]
2 info using npm@3.10.10
3 info using node@v6.11.2
4 verbose run-script [ 'prestart', 'start', 'poststart' ]
5 info lifecycle wikistack@1.0.0~prestart: wikistack@1.0.0
6 silly lifecycle wikistack@1.0.0~prestart: no script for prestart, continuing
7 info lifecycle wikistack@1.0.0~start: wikistack@1.0.0
8 verbose lifecycle wikistack@1.0.0~start: unsafe-perm in lifecycle true
9 verbose lifecycle wikistack@1.0.0~start: PATH: C:\Program Files\nodejs\node_modules\npm\bin\node-gyp-bin;D:\GitHub\wikistack\node_modules\.bin;C:\ProgramData\Oracle\Java\javapath;C:\Program Files (x86)\Intel\iCLS Client\;C:\Program Files\Intel\iCLS Client\;C:\Program Files\Common Files\Microsoft Shared\Windows Live;C:\Program Files (x86)\Common Files\Microsoft Shared\Windows Live;C:\Windows\system32;C:\Windows;C:\Windows\System32\Wbem;C:\Windows\System32\WindowsPowerShell\v1.0\;C:\Program Files (x86)\Windows Live\Shared;C:\Program Files\Microsoft\Web Platform Installer\;C:\Program Files (x86)\Microsoft ASP.NET\ASP.NET Web Pages\v1.0\;C:\Program Files\Microsoft SQL Server\110\Tools\Binn\;C:\Program Files\Intel\Intel(R) Management Engine Components\DAL;C:\Program Files\Intel\Intel(R) Management Engine Components\IPT;C:\Program Files (x86)\Intel\Intel(R) Management Engine Components\DAL;C:\Program Files (x86)\Intel\Intel(R) Management Engine Components\IPT;C:\Program Files (x86)\Microsoft SQL Server\100\Tools\Binn\;C:\Program Files\Microsoft SQL Server\100\Tools\Binn\;C:\Program Files\Microsoft SQL Server\100\DTS\Binn\;c:\Program Files (x86)\Common Files\Adobe\AGL;C:\Program Files\TortoiseHg\;C:\Program Files (x86)\MySQL\MySQL Utilities 1.3.6\;C:\Program Files (x86)\Heroku\bin;C:\Program Files (x86)\git\cmd;C:\Program Files (x86)\NVIDIA Corporation\PhysX\Common;C:\Program Files\Microsoft SQL Server\130\Tools\Binn\;C:\Program Files (x86)\Google\Cloud SDK\google-cloud-sdk\bin;C:\Program Files (x86)\GtkSharp\2.12\bin;C:\Program Files (x86)\QuickTime\QTSystem\;C:\Program Files (x86)\Skype\Phone\;C:\Program Files\nodejs\;C:\RailsInstaller\Git\cmd;C:\RailsInstaller\Ruby2.1.0\bin;C:\Ruby22\bin;C:\Program Files (x86)\Google\google_appengine\;C:\Users\Jennifer\AppData\Roaming\npm;C:\Program Files\Sublime Text 2;C:\Program Files (x86)\Microsoft Visual Studio\2017\Community\Common7\IDE;C:\Program Files\MySQL\MySQL Server 5.6\bin;C:\Program Files\PostgreSQL\9.6\bin
10 verbose lifecycle wikistack@1.0.0~start: CWD: D:\GitHub\wikistack
11 silly lifecycle wikistack@1.0.0~start: Args: [ '/d /s /c', 'nodemon -e html,js,css ./app.js' ]
12 silly lifecycle wikistack@1.0.0~start: Returned: code: 3221225786  signal: null
13 info lifecycle wikistack@1.0.0~start: Failed to exec start script
14 verbose stack Error: wikistack@1.0.0 start: `nodemon -e html,js,css ./app.js`
14 verbose stack Exit status 3221225786
14 verbose stack     at EventEmitter.<anonymous> (C:\Program Files\nodejs\node_modules\npm\lib\utils\lifecycle.js:255:16)
14 verbose stack     at emitTwo (events.js:106:13)
14 verbose stack     at EventEmitter.emit (events.js:191:7)
14 verbose stack     at ChildProcess.<anonymous> (C:\Program Files\nodejs\node_modules\npm\lib\utils\spawn.js:40:14)
14 verbose stack     at emitTwo (events.js:106:13)
14 verbose stack     at ChildProcess.emit (events.js:191:7)
14 verbose stack     at maybeClose (internal/child_process.js:891:16)
14 verbose stack     at Process.ChildProcess._handle.onexit (internal/child_process.js:226:5)
15 verbose pkgid wikistack@1.0.0
16 verbose cwd D:\GitHub\wikistack
17 error Windows_NT 6.1.7601
18 error argv "C:\\Program Files\\nodejs\\node.exe" "C:\\Program Files\\nodejs\\node_modules\\npm\\bin\\npm-cli.js" "start"
19 error node v6.11.2
20 error npm  v3.10.10
21 error code ELIFECYCLE
22 error wikistack@1.0.0 start: `nodemon -e html,js,css ./app.js`
22 error Exit status 3221225786
23 error Failed at the wikistack@1.0.0 start script 'nodemon -e html,js,css ./app.js'.
23 error Make sure you have the latest version of node.js and npm installed.
23 error If you do, this is most likely a problem with the wikistack package,
23 error not with npm itself.
23 error Tell the author that this fails on your system:
23 error     nodemon -e html,js,css ./app.js
23 error You can get information on how to open an issue for this project with:
23 error     npm bugs wikistack
23 error Or if that isn't available, you can get their info via:
23 error     npm owner ls wikistack
23 error There is likely additional logging output above.
24 verbose exit [ 1, true ]
